<?xml version="1.0" encoding="UTF-8"?>
<!-- Generated by org.testng.reporters.JUnitXMLReporter -->
<testsuite ignored="0" hostname="Y9-TOM-7TH" failures="0" tests="5" name="Travelomind" time="186.782" errors="0" timestamp="05 Aug 2019 19:07:05 GMT">
  <testcase classname="testCases.BookFlight" name="bookFlight" time="31.539"/>
  <testcase classname="testCases.BillingDetail" name="getCountryList" time="13.738"/>
  <testcase classname="testCases.ShowAllFlights" name="showAllFlights" time="1.413"/>
  <testcase classname="testCases.ModifySearchTC" name="navigateTolistPage" time="20.449"/>
  <testcase classname="testCases.VoiceOfCustomerTC" name="executeVocTc" time="2.985"/>
</testsuite> <!-- Travelomind -->
