<?xml version="1.0" encoding="UTF-8"?>
<!-- Generated by org.testng.reporters.JUnitXMLReporter -->
<testsuite ignored="0" hostname="Y9-TOM-7TH" failures="1" tests="1" name="Travelomind" time="20.61" errors="0" timestamp="13 Sep 2019 13:31:26 GMT">
  <testcase classname="testCases.ClickOnRoundTripInModifySearch" name="getButtonDetails" time="10.626">
    <failure type="java.lang.AssertionError" message="expected [false] but found [true]">
      <![CDATA[java.lang.AssertionError: expected [false] but found [true]
at testCases.ClickOnRoundTripInModifySearch.getButtonDetails(ClickOnRoundTripInModifySearch.java:25)
... Removed 30 stack frames]]>
    </failure>
  </testcase> <!-- getButtonDetails -->
</testsuite> <!-- Travelomind -->
