<?xml version="1.0" encoding="UTF-8"?>
<testsuite name="TestSuite" time="59.867" tests="8" errors="0" skipped="0" failures="0">
  <properties>
[...]
</properties>
  <testcase name="bookFlight" classname="testCases.BookFlight" time="19.372"/>
  <testcase name="getCountryList" classname="testCases.BillingDetail" time="11.988"/>
  <testcase name="showAllFlights" classname="testCases.ShowAllFlights" time="0.677"/>
  <testcase name="getButtonDetails" classname="testCases.ButtonsInModifySearchPageTC" time="0.74"/>
  <testcase name="executeVocTc" classname="testCases.VoiceOfCustomerTC" time="2.332"/>
  <testcase name="filterSearch" classname="testCases.FilteringSearchResultsTC" time="8.375"/>
  <testcase name="displaylink" classname="testCases.HomePageLinksTC" time="2.026"/>
  <testcase name="searchFlight" classname="testCases.SeachingFlightsFromModifySearchPageTc" time="14.357"/>
</testsuite>