<?xml version="1.0" encoding="UTF-8"?>
<testng-results ignored="0" total="8" passed="8" failed="0" skipped="0">
  <reporter-output>
    <line>
      <![CDATA[*** Test Suite BookFlight started ***]]>
    </line>
    <line>
      <![CDATA[*** Test Suite BookFlight started ***]]>
    </line>
    <line>
      <![CDATA[*** Running test method bookFlight...]]>
    </line>
    <line>
      <![CDATA[*** Running test method bookFlight...]]>
    </line>
    <line>
      <![CDATA[*** Executed bookFlight test successfully...]]>
    </line>
    <line>
      <![CDATA[*** Executed bookFlight test successfully...]]>
    </line>
    <line>
      <![CDATA[*** Test Suite BookFlight ending ***]]>
    </line>
    <line>
      <![CDATA[*** Test Suite BookFlight ending ***]]>
    </line>
    <line>
      <![CDATA[*** Test Suite BillingDetail started ***]]>
    </line>
    <line>
      <![CDATA[*** Test Suite BillingDetail started ***]]>
    </line>
    <line>
      <![CDATA[*** Running test method getCountryList...]]>
    </line>
    <line>
      <![CDATA[*** Running test method getCountryList...]]>
    </line>
    <line>
      <![CDATA[*** Executed getCountryList test successfully...]]>
    </line>
    <line>
      <![CDATA[*** Executed getCountryList test successfully...]]>
    </line>
    <line>
      <![CDATA[*** Test Suite BillingDetail ending ***]]>
    </line>
    <line>
      <![CDATA[*** Test Suite BillingDetail ending ***]]>
    </line>
    <line>
      <![CDATA[*** Test Suite ShowAllFlight started ***]]>
    </line>
    <line>
      <![CDATA[*** Test Suite ShowAllFlight started ***]]>
    </line>
    <line>
      <![CDATA[*** Running test method showAllFlights...]]>
    </line>
    <line>
      <![CDATA[*** Running test method showAllFlights...]]>
    </line>
    <line>
      <![CDATA[*** Executed showAllFlights test successfully...]]>
    </line>
    <line>
      <![CDATA[*** Executed showAllFlights test successfully...]]>
    </line>
    <line>
      <![CDATA[*** Test Suite ShowAllFlight ending ***]]>
    </line>
    <line>
      <![CDATA[*** Test Suite ShowAllFlight ending ***]]>
    </line>
    <line>
      <![CDATA[*** Test Suite ButtonsInModifySearchPage started ***]]>
    </line>
    <line>
      <![CDATA[*** Test Suite ButtonsInModifySearchPage started ***]]>
    </line>
    <line>
      <![CDATA[*** Running test method getButtonDetails...]]>
    </line>
    <line>
      <![CDATA[*** Running test method getButtonDetails...]]>
    </line>
    <line>
      <![CDATA[*** Executed getButtonDetails test successfully...]]>
    </line>
    <line>
      <![CDATA[*** Executed getButtonDetails test successfully...]]>
    </line>
    <line>
      <![CDATA[*** Test Suite ButtonsInModifySearchPage ending ***]]>
    </line>
    <line>
      <![CDATA[*** Test Suite ButtonsInModifySearchPage ending ***]]>
    </line>
    <line>
      <![CDATA[*** Test Suite VoiceOfCustomer started ***]]>
    </line>
    <line>
      <![CDATA[*** Test Suite VoiceOfCustomer started ***]]>
    </line>
    <line>
      <![CDATA[*** Running test method executeVocTc...]]>
    </line>
    <line>
      <![CDATA[*** Running test method executeVocTc...]]>
    </line>
    <line>
      <![CDATA[*** Executed executeVocTc test successfully...]]>
    </line>
    <line>
      <![CDATA[*** Executed executeVocTc test successfully...]]>
    </line>
    <line>
      <![CDATA[*** Test Suite VoiceOfCustomer ending ***]]>
    </line>
    <line>
      <![CDATA[*** Test Suite VoiceOfCustomer ending ***]]>
    </line>
    <line>
      <![CDATA[*** Test Suite FilteringSearchResults started ***]]>
    </line>
    <line>
      <![CDATA[*** Test Suite FilteringSearchResults started ***]]>
    </line>
    <line>
      <![CDATA[*** Running test method filterSearch...]]>
    </line>
    <line>
      <![CDATA[*** Running test method filterSearch...]]>
    </line>
    <line>
      <![CDATA[*** Executed filterSearch test successfully...]]>
    </line>
    <line>
      <![CDATA[*** Executed filterSearch test successfully...]]>
    </line>
    <line>
      <![CDATA[*** Test Suite FilteringSearchResults ending ***]]>
    </line>
    <line>
      <![CDATA[*** Test Suite FilteringSearchResults ending ***]]>
    </line>
    <line>
      <![CDATA[*** Test Suite HomePageLinks started ***]]>
    </line>
    <line>
      <![CDATA[*** Running test method displaylink...]]>
    </line>
    <line>
      <![CDATA[*** Executed displaylink test successfully...]]>
    </line>
    <line>
      <![CDATA[*** Test Suite HomePageLinks ending ***]]>
    </line>
    <line>
      <![CDATA[*** Test Suite SeachingFlightsFromModifySearchPage started ***]]>
    </line>
    <line>
      <![CDATA[*** Test Suite SeachingFlightsFromModifySearchPage started ***]]>
    </line>
    <line>
      <![CDATA[*** Running test method searchFlight...]]>
    </line>
    <line>
      <![CDATA[*** Running test method searchFlight...]]>
    </line>
    <line>
      <![CDATA[*** Executed searchFlight test successfully...]]>
    </line>
    <line>
      <![CDATA[*** Executed searchFlight test successfully...]]>
    </line>
    <line>
      <![CDATA[*** Test Suite SeachingFlightsFromModifySearchPage ending ***]]>
    </line>
    <line>
      <![CDATA[*** Test Suite SeachingFlightsFromModifySearchPage ending ***]]>
    </line>
    <line>
      <![CDATA[*******End of Test Suite***********]]>
    </line>
  </reporter-output>
  <suite started-at="2019-08-21T14:48:51Z" name="Travelomind suite" finished-at="2019-08-21T14:50:22Z" duration-ms="91642">
    <groups>
    </groups>
    <test started-at="2019-08-21T14:48:51Z" name="BookFlight" finished-at="2019-08-21T14:49:27Z" duration-ms="36026">
      <class name="testCases.BookFlight">
        <test-method is-config="true" signature="startDriver()[pri:0, instance:testCases.BookFlight@44f75083]" started-at="2019-08-21T14:48:51Z" name="startDriver" finished-at="2019-08-21T14:49:07Z" duration-ms="15753" status="PASS">
          <reporter-output>
          </reporter-output>
        </test-method> <!-- startDriver -->
        <test-method signature="bookFlight(java.lang.String, java.lang.String, java.lang.String, java.lang.String, java.lang.String, java.lang.String, java.lang.String, java.lang.String, java.lang.String, java.lang.String, java.lang.String, java.lang.String, java.lang.String, java.lang.String, java.lang.String, java.lang.String, java.lang.String, java.lang.String, java.lang.String)[pri:0, instance:testCases.BookFlight@44f75083]" started-at="2019-08-21T14:49:07Z" name="bookFlight" data-provider="getdata" finished-at="2019-08-21T14:49:27Z" duration-ms="19978" status="PASS">
          <params>
            <param index="0">
              <value>
                <![CDATA[Partha]]>
              </value>
            </param>
            <param index="1">
              <value>
                <![CDATA[Sen]]>
              </value>
            </param>
            <param index="2">
              <value>
                <![CDATA[Kolkata]]>
              </value>
            </param>
            <param index="3">
              <value>
                <![CDATA[Partha Sen Tinku]]>
              </value>
            </param>
            <param index="4">
              <value>
                <![CDATA[123]]>
              </value>
            </param>
            <param index="5">
              <value>
                <![CDATA[8828162737]]>
              </value>
            </param>
            <param index="6">
              <value>
                <![CDATA[partha.senuwsb@gmail.com]]>
              </value>
            </param>
            <param index="7">
              <value>
                <![CDATA[411111111111111]]>
              </value>
            </param>
            <param index="8">
              <value>
                <![CDATA[Saltlake]]>
              </value>
            </param>
            <param index="9">
              <value>
                <![CDATA[700091]]>
              </value>
            </param>
            <param index="10">
              <value>
                <![CDATA[8828162737]]>
              </value>
            </param>
            <param index="11">
              <value>
                <![CDATA[2: 02]]>
              </value>
            </param>
            <param index="12">
              <value>
                <![CDATA[5: 2023]]>
              </value>
            </param>
            <param index="13">
              <value>
                <![CDATA[1: MALE]]>
              </value>
            </param>
            <param index="14">
              <value>
                <![CDATA[99: Object]]>
              </value>
            </param>
            <param index="15">
              <value>
                <![CDATA[West Bengal]]>
              </value>
            </param>
            <param index="16">
              <value>
                <![CDATA[99: Object]]>
              </value>
            </param>
            <param index="17">
              <value>
                <![CDATA[1992]]>
              </value>
            </param>
            <param index="18">
              <value>
                <![CDATA[10]]>
              </value>
            </param>
          </params>
          <reporter-output>
            <line>
              <![CDATA[*** Running test method bookFlight...]]>
            </line>
            <line>
              <![CDATA[*** Running test method bookFlight...]]>
            </line>
            <line>
              <![CDATA[*** Executed bookFlight test successfully...]]>
            </line>
            <line>
              <![CDATA[*** Executed bookFlight test successfully...]]>
            </line>
          </reporter-output>
        </test-method> <!-- bookFlight -->
      </class> <!-- testCases.BookFlight -->
    </test> <!-- BookFlight -->
    <test started-at="2019-08-21T14:49:27Z" name="BillingDetail" finished-at="2019-08-21T14:49:42Z" duration-ms="14297">
      <class name="testCases.BillingDetail">
        <test-method is-config="true" signature="startDriver()[pri:0, instance:testCases.BillingDetail@1442d7b5]" started-at="2019-08-21T14:49:27Z" name="startDriver" finished-at="2019-08-21T14:49:30Z" duration-ms="2527" status="PASS">
          <reporter-output>
          </reporter-output>
        </test-method> <!-- startDriver -->
        <test-method signature="getCountryList()[pri:0, instance:testCases.BillingDetail@1442d7b5]" started-at="2019-08-21T14:49:30Z" name="getCountryList" finished-at="2019-08-21T14:49:42Z" duration-ms="11770" status="PASS">
          <reporter-output>
            <line>
              <![CDATA[*** Running test method getCountryList...]]>
            </line>
            <line>
              <![CDATA[*** Running test method getCountryList...]]>
            </line>
            <line>
              <![CDATA[*** Executed getCountryList test successfully...]]>
            </line>
            <line>
              <![CDATA[*** Executed getCountryList test successfully...]]>
            </line>
          </reporter-output>
        </test-method> <!-- getCountryList -->
      </class> <!-- testCases.BillingDetail -->
    </test> <!-- BillingDetail -->
    <test started-at="2019-08-21T14:49:42Z" name="ShowAllFlight" finished-at="2019-08-21T14:49:45Z" duration-ms="2699">
      <class name="testCases.ShowAllFlights">
        <test-method is-config="true" signature="startDriver()[pri:0, instance:testCases.ShowAllFlights@d6da883]" started-at="2019-08-21T14:49:42Z" name="startDriver" finished-at="2019-08-21T14:49:44Z" duration-ms="2026" status="PASS">
          <reporter-output>
          </reporter-output>
        </test-method> <!-- startDriver -->
        <test-method signature="showAllFlights()[pri:0, instance:testCases.ShowAllFlights@d6da883]" started-at="2019-08-21T14:49:44Z" name="showAllFlights" finished-at="2019-08-21T14:49:45Z" duration-ms="672" status="PASS">
          <reporter-output>
            <line>
              <![CDATA[*** Running test method showAllFlights...]]>
            </line>
            <line>
              <![CDATA[*** Running test method showAllFlights...]]>
            </line>
            <line>
              <![CDATA[*** Executed showAllFlights test successfully...]]>
            </line>
            <line>
              <![CDATA[*** Executed showAllFlights test successfully...]]>
            </line>
          </reporter-output>
        </test-method> <!-- showAllFlights -->
      </class> <!-- testCases.ShowAllFlights -->
    </test> <!-- ShowAllFlight -->
    <test started-at="2019-08-21T14:49:45Z" name="ButtonsInModifySearchPage" finished-at="2019-08-21T14:49:47Z" duration-ms="2246">
      <class name="testCases.ButtonsInModifySearchPageTC">
        <test-method is-config="true" signature="startDriver()[pri:0, instance:testCases.ButtonsInModifySearchPageTC@2d127a61]" started-at="2019-08-21T14:49:45Z" name="startDriver" finished-at="2019-08-21T14:49:46Z" duration-ms="1504" status="PASS">
          <reporter-output>
          </reporter-output>
        </test-method> <!-- startDriver -->
        <test-method signature="getButtonDetails()[pri:0, instance:testCases.ButtonsInModifySearchPageTC@2d127a61]" started-at="2019-08-21T14:49:46Z" name="getButtonDetails" finished-at="2019-08-21T14:49:47Z" duration-ms="739" status="PASS">
          <reporter-output>
            <line>
              <![CDATA[*** Running test method getButtonDetails...]]>
            </line>
            <line>
              <![CDATA[*** Running test method getButtonDetails...]]>
            </line>
            <line>
              <![CDATA[*** Executed getButtonDetails test successfully...]]>
            </line>
            <line>
              <![CDATA[*** Executed getButtonDetails test successfully...]]>
            </line>
          </reporter-output>
        </test-method> <!-- getButtonDetails -->
      </class> <!-- testCases.ButtonsInModifySearchPageTC -->
    </test> <!-- ButtonsInModifySearchPage -->
    <test started-at="2019-08-21T14:49:47Z" name="VoiceOfCustomer" finished-at="2019-08-21T14:49:51Z" duration-ms="3768">
      <class name="testCases.VoiceOfCustomerTC">
        <test-method is-config="true" signature="startDriver()[pri:0, instance:testCases.VoiceOfCustomerTC@701fc37a]" started-at="2019-08-21T14:49:47Z" name="startDriver" finished-at="2019-08-21T14:49:49Z" duration-ms="1441" status="PASS">
          <reporter-output>
          </reporter-output>
        </test-method> <!-- startDriver -->
        <test-method signature="executeVocTc()[pri:0, instance:testCases.VoiceOfCustomerTC@701fc37a]" started-at="2019-08-21T14:49:49Z" name="executeVocTc" finished-at="2019-08-21T14:49:51Z" duration-ms="2325" status="PASS">
          <reporter-output>
            <line>
              <![CDATA[*** Running test method executeVocTc...]]>
            </line>
            <line>
              <![CDATA[*** Running test method executeVocTc...]]>
            </line>
            <line>
              <![CDATA[*** Executed executeVocTc test successfully...]]>
            </line>
            <line>
              <![CDATA[*** Executed executeVocTc test successfully...]]>
            </line>
          </reporter-output>
        </test-method> <!-- executeVocTc -->
      </class> <!-- testCases.VoiceOfCustomerTC -->
    </test> <!-- VoiceOfCustomer -->
    <test started-at="2019-08-21T14:49:51Z" name="FilteringSearchResults" finished-at="2019-08-21T14:50:01Z" duration-ms="9647">
      <class name="testCases.FilteringSearchResultsTC">
        <test-method is-config="true" signature="startDriver()[pri:0, instance:testCases.FilteringSearchResultsTC@b59d31]" started-at="2019-08-21T14:49:51Z" name="startDriver" finished-at="2019-08-21T14:49:53Z" duration-ms="1269" status="PASS">
          <reporter-output>
          </reporter-output>
        </test-method> <!-- startDriver -->
        <test-method signature="filterSearch()[pri:0, instance:testCases.FilteringSearchResultsTC@b59d31]" started-at="2019-08-21T14:49:53Z" name="filterSearch" finished-at="2019-08-21T14:50:01Z" duration-ms="8376" status="PASS">
          <reporter-output>
            <line>
              <![CDATA[*** Running test method filterSearch...]]>
            </line>
            <line>
              <![CDATA[*** Running test method filterSearch...]]>
            </line>
            <line>
              <![CDATA[*** Executed filterSearch test successfully...]]>
            </line>
            <line>
              <![CDATA[*** Executed filterSearch test successfully...]]>
            </line>
          </reporter-output>
        </test-method> <!-- filterSearch -->
      </class> <!-- testCases.FilteringSearchResultsTC -->
    </test> <!-- FilteringSearchResults -->
    <test started-at="2019-08-21T14:50:01Z" name="HomePageLinks" finished-at="2019-08-21T14:50:06Z" duration-ms="5029">
      <class name="testCases.HomePageLinksTC">
        <test-method is-config="true" signature="startDriver()[pri:0, instance:testCases.HomePageLinksTC@1176dcec]" started-at="2019-08-21T14:50:01Z" name="startDriver" finished-at="2019-08-21T14:50:04Z" duration-ms="3001" status="PASS">
          <reporter-output>
          </reporter-output>
        </test-method> <!-- startDriver -->
        <test-method signature="displaylink()[pri:0, instance:testCases.HomePageLinksTC@1176dcec]" started-at="2019-08-21T14:50:04Z" name="displaylink" finished-at="2019-08-21T14:50:06Z" duration-ms="2027" status="PASS">
          <reporter-output>
            <line>
              <![CDATA[*** Running test method displaylink...]]>
            </line>
            <line>
              <![CDATA[*** Executed displaylink test successfully...]]>
            </line>
          </reporter-output>
        </test-method> <!-- displaylink -->
      </class> <!-- testCases.HomePageLinksTC -->
    </test> <!-- HomePageLinks -->
    <test started-at="2019-08-21T14:50:06Z" name="SeachingFlightsFromModifySearchPage" finished-at="2019-08-21T14:50:22Z" duration-ms="15852">
      <class name="testCases.SeachingFlightsFromModifySearchPageTc">
        <test-method is-config="true" signature="init()[pri:0, instance:testCases.SeachingFlightsFromModifySearchPageTc@3d3fcdb0]" started-at="2019-08-21T14:48:27Z" name="init" finished-at="2019-08-21T14:48:51Z" duration-ms="23271" status="PASS">
          <reporter-output>
          </reporter-output>
        </test-method> <!-- init -->
        <test-method is-config="true" signature="startDriver()[pri:0, instance:testCases.SeachingFlightsFromModifySearchPageTc@3d3fcdb0]" started-at="2019-08-21T14:50:07Z" name="startDriver" finished-at="2019-08-21T14:50:08Z" duration-ms="1444" status="PASS">
          <reporter-output>
          </reporter-output>
        </test-method> <!-- startDriver -->
        <test-method signature="searchFlight(java.lang.String, java.lang.String, java.lang.String, java.lang.String, java.lang.String, java.lang.String)[pri:0, instance:testCases.SeachingFlightsFromModifySearchPageTc@3d3fcdb0]" started-at="2019-08-21T14:50:08Z" name="searchFlight" data-provider="getdata" finished-at="2019-08-21T14:50:22Z" duration-ms="14310" status="PASS">
          <params>
            <param index="0">
              <value>
                <![CDATA[New York]]>
              </value>
            </param>
            <param index="1">
              <value>
                <![CDATA[Tokyo]]>
              </value>
            </param>
            <param index="2">
              <value>
                <![CDATA[10]]>
              </value>
            </param>
            <param index="3">
              <value>
                <![CDATA[2019]]>
              </value>
            </param>
            <param index="4">
              <value>
                <![CDATA[11]]>
              </value>
            </param>
            <param index="5">
              <value>
                <![CDATA[2019]]>
              </value>
            </param>
          </params>
          <reporter-output>
            <line>
              <![CDATA[*** Running test method searchFlight...]]>
            </line>
            <line>
              <![CDATA[*** Running test method searchFlight...]]>
            </line>
            <line>
              <![CDATA[*** Executed searchFlight test successfully...]]>
            </line>
            <line>
              <![CDATA[*** Executed searchFlight test successfully...]]>
            </line>
          </reporter-output>
        </test-method> <!-- searchFlight -->
        <test-method is-config="true" signature="quitDriver()[pri:0, instance:testCases.SeachingFlightsFromModifySearchPageTc@3d3fcdb0]" started-at="2019-08-21T14:50:22Z" name="quitDriver" finished-at="2019-08-21T14:50:22Z" duration-ms="0" status="PASS">
          <reporter-output>
            <line>
              <![CDATA[*******End of Test Suite***********]]>
            </line>
          </reporter-output>
        </test-method> <!-- quitDriver -->
      </class> <!-- testCases.SeachingFlightsFromModifySearchPageTc -->
    </test> <!-- SeachingFlightsFromModifySearchPage -->
  </suite> <!-- Travelomind suite -->
</testng-results>
