<?xml version="1.0" encoding="UTF-8"?>
<testsuite name="TestSuite" time="52.532" tests="9" errors="0" skipped="0" failures="1">
  <properties>
[...]
</properties>
  <testcase name="bookFlight" classname="testCases.BookFlight" time="4.499"/>
  <testcase name="getCountryList" classname="testCases.BillingDetail" time="0.214"/>
  <testcase name="showAllFlights" classname="testCases.ShowAllFlights" time="0.492"/>
  <testcase name="getButtonDetails" classname="testCases.ButtonsInModifySearchPageTC" time="10.716"/>
  <testcase name="executeVocTc" classname="testCases.VoiceOfCustomerTC" time="2.242"/>
  <testcase name="filterSearch" classname="testCases.FilteringSearchResultsTC" time="5.978"/>
  <testcase name="displaylink" classname="testCases.HomePageLinksTC" time="1.658"/>
  <testcase name="searchFlight" classname="testCases.SeachingFlightsFromModifySearchPageTc" time="7.642">
    <failure message="expected [JFK] but found [NYC]" type="java.lang.AssertionError">java.lang.AssertionError: expected [JFK] but found [NYC]
	at org.testng.Assert.fail(Assert.java:96)
	at org.testng.Assert.failNotEquals(Assert.java:776)
	at org.testng.Assert.assertEqualsImpl(Assert.java:137)
	at org.testng.Assert.assertEquals(Assert.java:118)
	at org.testng.Assert.assertEquals(Assert.java:453)
	at org.testng.Assert.assertEquals(Assert.java:463)
	at testCases.SeachingFlightsFromModifySearchPageTc.searchFlight(SeachingFlightsFromModifySearchPageTc.java:39)
</failure>
    <system-out>2
6
Origin Airport is selected
</system-out>
  </testcase>
  <testcase name="SearchOneWayFlight" classname="testCases.SearchResultForOneWayTrip" time="19.091"/>
</testsuite>