<?xml version="1.0" encoding="UTF-8"?>
<!-- Generated by org.testng.reporters.JUnitXMLReporter -->
<testsuite ignored="0" hostname="Y9-TOM-7TH" failures="1" tests="1" name="SeachingFlightsFromModifySearchPage" time="9.606" errors="0" timestamp="26 Aug 2019 16:08:43 GMT">
  <testcase classname="testCases.SeachingFlightsFromModifySearchPageTc" name="searchFlight" time="7.139">
    <failure type="java.lang.AssertionError" message="expected [JFK] but found [NYC]">
      <![CDATA[java.lang.AssertionError: expected [JFK] but found [NYC]
at testCases.SeachingFlightsFromModifySearchPageTc.searchFlight(SeachingFlightsFromModifySearchPageTc.java:39)
... Removed 40 stack frames]]>
    </failure>
  </testcase> <!-- searchFlight -->
</testsuite> <!-- SeachingFlightsFromModifySearchPage -->
