<?xml version="1.0" encoding="UTF-8"?>
<testng-results ignored="0" total="1" passed="1" failed="0" skipped="0">
  <reporter-output>
  </reporter-output>
  <suite started-at="2019-07-15T12:25:48Z" name="Default Suite" finished-at="2019-07-15T12:26:49Z" duration-ms="60573">
    <groups>
    </groups>
    <test started-at="2019-07-15T12:25:48Z" name="Travelomind" finished-at="2019-07-15T12:26:49Z" duration-ms="60573">
      <class name="testCases.BookFlight">
        <test-method signature="bookFlight()[pri:0, instance:testCases.BookFlight@365185bd]" started-at="2019-07-15T12:25:48Z" name="bookFlight" finished-at="2019-07-15T12:26:49Z" duration-ms="60504" status="PASS">
          <reporter-output>
          </reporter-output>
        </test-method> <!-- bookFlight -->
      </class> <!-- testCases.BookFlight -->
    </test> <!-- Travelomind -->
  </suite> <!-- Default Suite -->
</testng-results>
