<?xml version="1.0" encoding="UTF-8"?>
<testng-results ignored="0" total="1" passed="1" failed="0" skipped="0">
  <reporter-output>
    <line>
      <![CDATA[*** Test Suite Travelomind started ***]]>
    </line>
    <line>
      <![CDATA[*** Running test method ClickOnAllFlights...]]>
    </line>
    <line>
      <![CDATA[*** Test Suite Travelomind ending ***]]>
    </line>
    <line>
      <![CDATA[*******End of Test Suite***********]]>
    </line>
  </reporter-output>
  <suite started-at="2019-08-29T19:32:21Z" name="Default Suite" finished-at="2019-08-29T19:33:32Z" duration-ms="71329">
    <groups>
    </groups>
    <test started-at="2019-08-29T19:32:21Z" name="Travelomind" finished-at="2019-08-29T19:33:32Z" duration-ms="71329">
      <class name="testCases.ClickOnAllDomesticDestinations">
        <test-method is-config="true" signature="init()[pri:0, instance:testCases.ClickOnAllDomesticDestinations@f5ac9e4]" started-at="2019-08-29T19:32:08Z" name="init" finished-at="2019-08-29T19:32:21Z" duration-ms="12530" status="PASS">
          <reporter-output>
          </reporter-output>
        </test-method> <!-- init -->
        <test-method is-config="true" signature="startDriver()[pri:0, instance:testCases.ClickOnAllDomesticDestinations@f5ac9e4]" started-at="2019-08-29T19:32:21Z" name="startDriver" finished-at="2019-08-29T19:32:28Z" duration-ms="7172" status="PASS">
          <reporter-output>
          </reporter-output>
        </test-method> <!-- startDriver -->
        <test-method signature="ClickOnAllFlights()[pri:0, instance:testCases.ClickOnAllDomesticDestinations@f5ac9e4]" started-at="2019-08-29T19:32:28Z" name="ClickOnAllFlights" finished-at="2019-08-29T19:33:32Z" duration-ms="64095" status="PASS">
          <reporter-output>
            <line>
              <![CDATA[*** Running test method ClickOnAllFlights...]]>
            </line>
          </reporter-output>
        </test-method> <!-- ClickOnAllFlights -->
        <test-method is-config="true" signature="quitDriver()[pri:0, instance:testCases.ClickOnAllDomesticDestinations@f5ac9e4]" started-at="2019-08-29T19:33:33Z" name="quitDriver" finished-at="2019-08-29T19:33:33Z" duration-ms="0" status="PASS">
          <reporter-output>
            <line>
              <![CDATA[*******End of Test Suite***********]]>
            </line>
          </reporter-output>
        </test-method> <!-- quitDriver -->
      </class> <!-- testCases.ClickOnAllDomesticDestinations -->
    </test> <!-- Travelomind -->
  </suite> <!-- Default Suite -->
</testng-results>
